<?xml version="1.0" encoding="UTF-8"?>
<!-- Generated by org.testng.reporters.JUnitXMLReporter -->
<testsuite hostname="ip-172-31-15-199" ignored="0" name="Test" tests="4" failures="0" timestamp="2021-02-23T06:12:00 UTC" time="24.588" errors="0">
  <testcase name="LaunchChrome" time="2.197" classname="test.CrossBrowser"/>
  <testcase name="LaunchFirefox" time="4.276" classname="test.CrossBrowser"/>
  <testcase name="testcase1" time="2.598" classname="test.CrossBrowser"/>
  <testcase name="testcase2" time="20.242" classname="test.CrossBrowser"/>
</testsuite> <!-- Test -->
